[2025-04-16 09:29:39Z INFO HostContext] No proxy settings were found based on environmental variables (http_proxy/https_proxy/HTTP_PROXY/HTTPS_PROXY)
[2025-04-16 09:29:39Z INFO HostContext] Well known directory 'Bin': 'C:\Users\Home\Dev-course\nodejs\actions-runner\bin'
[2025-04-16 09:29:39Z INFO HostContext] Well known directory 'Root': 'C:\Users\Home\Dev-course\nodejs\actions-runner'
[2025-04-16 09:29:39Z INFO HostContext] Well known config file 'Credentials': 'C:\Users\Home\Dev-course\nodejs\actions-runner\.credentials'
[2025-04-16 09:29:39Z INFO HostContext] Well known directory 'Bin': 'C:\Users\Home\Dev-course\nodejs\actions-runner\bin'
[2025-04-16 09:29:39Z INFO HostContext] Well known directory 'Root': 'C:\Users\Home\Dev-course\nodejs\actions-runner'
[2025-04-16 09:29:39Z INFO HostContext] Well known config file 'Runner': 'C:\Users\Home\Dev-course\nodejs\actions-runner\.runner'
[2025-04-16 09:29:39Z INFO Listener] Runner is built for Windows (X64) - win-x64.
[2025-04-16 09:29:39Z INFO Listener] RuntimeInformation: Microsoft Windows 10.0.19043.
[2025-04-16 09:29:39Z INFO Listener] Version: 2.323.0
[2025-04-16 09:29:39Z INFO Listener] Commit: d8b82f44a9ec0258904d5869ae683c31d5aac299
[2025-04-16 09:29:39Z INFO Listener] Culture: ru-RU
[2025-04-16 09:29:39Z INFO Listener] UI Culture: ru-RU
[2025-04-16 09:29:39Z INFO HostContext] Well known directory 'Bin': 'C:\Users\Home\Dev-course\nodejs\actions-runner\bin'
[2025-04-16 09:29:39Z INFO HostContext] Well known directory 'Root': 'C:\Users\Home\Dev-course\nodejs\actions-runner'
[2025-04-16 09:29:39Z INFO Listener] Validating directory permissions for: 'C:\Users\Home\Dev-course\nodejs\actions-runner'
[2025-04-16 09:29:39Z INFO CommandLineParser] Parse
[2025-04-16 09:29:39Z INFO CommandLineParser] Parsing 1 args
[2025-04-16 09:29:39Z INFO CommandLineParser] parsing argument
[2025-04-16 09:29:39Z INFO CommandLineParser] HasArgs: False
[2025-04-16 09:29:39Z INFO CommandLineParser] Adding Command: run
[2025-04-16 09:29:39Z INFO Listener] Arguments parsed
[2025-04-16 09:29:39Z INFO Runner] ExecuteCommand
[2025-04-16 09:29:39Z INFO ConfigurationStore] currentAssemblyLocation: C:\Users\Home\Dev-course\nodejs\actions-runner\bin\Runner.Listener.dll
[2025-04-16 09:29:39Z INFO HostContext] Well known directory 'Bin': 'C:\Users\Home\Dev-course\nodejs\actions-runner\bin'
[2025-04-16 09:29:39Z INFO ConfigurationStore] binPath: C:\Users\Home\Dev-course\nodejs\actions-runner\bin
[2025-04-16 09:29:39Z INFO HostContext] Well known directory 'Bin': 'C:\Users\Home\Dev-course\nodejs\actions-runner\bin'
[2025-04-16 09:29:39Z INFO HostContext] Well known directory 'Root': 'C:\Users\Home\Dev-course\nodejs\actions-runner'
[2025-04-16 09:29:39Z INFO ConfigurationStore] RootFolder: C:\Users\Home\Dev-course\nodejs\actions-runner
[2025-04-16 09:29:39Z INFO HostContext] Well known directory 'Bin': 'C:\Users\Home\Dev-course\nodejs\actions-runner\bin'
[2025-04-16 09:29:39Z INFO HostContext] Well known directory 'Root': 'C:\Users\Home\Dev-course\nodejs\actions-runner'
[2025-04-16 09:29:39Z INFO HostContext] Well known config file 'Runner': 'C:\Users\Home\Dev-course\nodejs\actions-runner\.runner'
[2025-04-16 09:29:39Z INFO ConfigurationStore] ConfigFilePath: C:\Users\Home\Dev-course\nodejs\actions-runner\.runner
[2025-04-16 09:29:39Z INFO HostContext] Well known directory 'Bin': 'C:\Users\Home\Dev-course\nodejs\actions-runner\bin'
[2025-04-16 09:29:39Z INFO HostContext] Well known directory 'Root': 'C:\Users\Home\Dev-course\nodejs\actions-runner'
[2025-04-16 09:29:39Z INFO HostContext] Well known config file 'MigratedRunner': 'C:\Users\Home\Dev-course\nodejs\actions-runner\.runner_migrated'
[2025-04-16 09:29:39Z INFO ConfigurationStore] MigratedConfigFilePath: C:\Users\Home\Dev-course\nodejs\actions-runner\.runner_migrated
[2025-04-16 09:29:39Z INFO HostContext] Well known directory 'Bin': 'C:\Users\Home\Dev-course\nodejs\actions-runner\bin'
[2025-04-16 09:29:39Z INFO HostContext] Well known directory 'Root': 'C:\Users\Home\Dev-course\nodejs\actions-runner'
[2025-04-16 09:29:39Z INFO HostContext] Well known config file 'Credentials': 'C:\Users\Home\Dev-course\nodejs\actions-runner\.credentials'
[2025-04-16 09:29:39Z INFO ConfigurationStore] CredFilePath: C:\Users\Home\Dev-course\nodejs\actions-runner\.credentials
[2025-04-16 09:29:39Z INFO HostContext] Well known directory 'Bin': 'C:\Users\Home\Dev-course\nodejs\actions-runner\bin'
[2025-04-16 09:29:39Z INFO HostContext] Well known directory 'Root': 'C:\Users\Home\Dev-course\nodejs\actions-runner'
[2025-04-16 09:29:39Z INFO HostContext] Well known config file 'MigratedCredentials': 'C:\Users\Home\Dev-course\nodejs\actions-runner\.credentials_migrated'
[2025-04-16 09:29:39Z INFO ConfigurationStore] MigratedCredFilePath: C:\Users\Home\Dev-course\nodejs\actions-runner\.credentials_migrated
[2025-04-16 09:29:39Z INFO HostContext] Well known directory 'Bin': 'C:\Users\Home\Dev-course\nodejs\actions-runner\bin'
[2025-04-16 09:29:39Z INFO HostContext] Well known directory 'Root': 'C:\Users\Home\Dev-course\nodejs\actions-runner'
[2025-04-16 09:29:39Z INFO HostContext] Well known config file 'Service': 'C:\Users\Home\Dev-course\nodejs\actions-runner\.service'
[2025-04-16 09:29:39Z INFO ConfigurationStore] ServiceConfigFilePath: C:\Users\Home\Dev-course\nodejs\actions-runner\.service
[2025-04-16 09:29:39Z INFO CommandSettings] Flag 'help': 'False'
[2025-04-16 09:29:39Z INFO CommandSettings] Flag 'version': 'False'
[2025-04-16 09:29:39Z INFO CommandSettings] Flag 'commit': 'False'
[2025-04-16 09:29:39Z INFO CommandSettings] Flag 'check': 'False'
[2025-04-16 09:29:39Z INFO CommandSettings] Command 'configure': 'False'
[2025-04-16 09:29:39Z INFO CommandSettings] Command 'remove': 'False'
[2025-04-16 09:29:39Z INFO CommandSettings] Command 'warmup': 'False'
[2025-04-16 09:29:39Z INFO ConfigurationManager] LoadSettings
[2025-04-16 09:29:39Z INFO ConfigurationStore] IsConfigured()
[2025-04-16 09:29:39Z INFO ConfigurationStore] IsConfigured: True
[2025-04-16 09:29:39Z INFO ConfigurationManager] Is configured: True
[2025-04-16 09:29:39Z INFO ConfigurationStore] Read setting file: 310 chars
[2025-04-16 09:29:39Z INFO ConfigurationManager] Settings Loaded
[2025-04-16 09:29:39Z INFO ConfigurationStore] IsServiceConfigured()
[2025-04-16 09:29:39Z INFO ConfigurationStore] IsServiceConfigured: False
[2025-04-16 09:29:39Z INFO CommandSettings] Command 'run': 'True'
[2025-04-16 09:29:39Z INFO ConfigurationStore] IsConfigured()
[2025-04-16 09:29:39Z INFO ConfigurationStore] IsConfigured: True
[2025-04-16 09:29:39Z INFO ConfigurationManager] Is configured: True
[2025-04-16 09:29:39Z INFO Runner] Could not parse the argument value '' for StartupType. Defaulting to Manual
[2025-04-16 09:29:39Z INFO Runner] Set runner startup type - Manual
[2025-04-16 09:29:39Z INFO CommandSettings] Flag 'once': 'False'
[2025-04-16 09:29:39Z INFO CommandSettings] Flag 'once': 'False'
[2025-04-16 09:29:39Z INFO Runner] RunAsync
[2025-04-16 09:29:39Z INFO ConfigurationManager] LoadSettings
[2025-04-16 09:29:39Z INFO ConfigurationStore] IsConfigured()
[2025-04-16 09:29:39Z INFO ConfigurationStore] IsConfigured: True
[2025-04-16 09:29:39Z INFO ConfigurationManager] Is configured: True
[2025-04-16 09:29:39Z INFO ConfigurationManager] Settings Loaded
[2025-04-16 09:29:39Z INFO MessageListener] {
  "AgentId": 2,
  "AgentName": "HOME-PC",
  "PoolId": 1,
  "PoolName": "Default",
  "ServerUrl": "https://pipelinesghubeus13.actions.githubusercontent.com/aMlvaZQuUAAnPRE4e1rDrxIYg34DrBsGU78rXb8xHrNOQfVCWe/",
  "GitHubUrl": "https://github.com/PolinaOstrovskaya/nodejs-app",
  "WorkFolder": "_work"
}
[2025-04-16 09:29:39Z INFO MessageListener] Loading Credentials
[2025-04-16 09:29:39Z INFO ConfigurationStore] HasCredentials()
[2025-04-16 09:29:39Z INFO ConfigurationStore] stored True
[2025-04-16 09:29:39Z INFO CredentialManager] GetCredentialProvider
[2025-04-16 09:29:39Z INFO CredentialManager] Creating type OAuth
[2025-04-16 09:29:39Z INFO CredentialManager] Creating credential type: OAuth
[2025-04-16 09:29:39Z INFO HostContext] Well known directory 'Bin': 'C:\Users\Home\Dev-course\nodejs\actions-runner\bin'
[2025-04-16 09:29:39Z INFO HostContext] Well known directory 'Root': 'C:\Users\Home\Dev-course\nodejs\actions-runner'
[2025-04-16 09:29:39Z INFO HostContext] Well known config file 'RSACredentials': 'C:\Users\Home\Dev-course\nodejs\actions-runner\.credentials_rsaparams'
[2025-04-16 09:29:39Z INFO RSAEncryptedFileKeyManager] Loading RSA key parameters from file C:\Users\Home\Dev-course\nodejs\actions-runner\.credentials_rsaparams
[2025-04-16 09:29:39Z INFO MessageListener] Attempt to create session.
[2025-04-16 09:29:39Z INFO MessageListener] Connecting to the Runner Server...
[2025-04-16 09:29:39Z INFO RunnerServer] EstablishVssConnection
[2025-04-16 09:29:39Z INFO RunnerServer] Establish connection with 100 seconds timeout.
[2025-04-16 09:29:39Z INFO GitHubActionsService] Starting operation Location.GetConnectionData
[2025-04-16 09:29:39Z INFO RunnerServer] EstablishVssConnection
[2025-04-16 09:29:39Z INFO RunnerServer] Establish connection with 60 seconds timeout.
[2025-04-16 09:29:39Z INFO GitHubActionsService] Starting operation Location.GetConnectionData
[2025-04-16 09:29:39Z INFO RunnerServer] EstablishVssConnection
[2025-04-16 09:29:39Z INFO RunnerServer] Establish connection with 60 seconds timeout.
[2025-04-16 09:29:39Z INFO GitHubActionsService] Starting operation Location.GetConnectionData
[2025-04-16 09:29:39Z INFO GitHubActionsService] Finished operation Location.GetConnectionData
[2025-04-16 09:29:39Z INFO GitHubActionsService] Finished operation Location.GetConnectionData
[2025-04-16 09:29:39Z INFO GitHubActionsService] Finished operation Location.GetConnectionData
[2025-04-16 09:29:40Z INFO MessageListener] VssConnection created
[2025-04-16 09:29:40Z INFO Terminal] WRITE LINE: 
[2025-04-16 09:29:40Z INFO Terminal] WRITE LINE: 
[2025-04-16 09:29:40Z INFO RSAEncryptedFileKeyManager] Loading RSA key parameters from file C:\Users\Home\Dev-course\nodejs\actions-runner\.credentials_rsaparams
[2025-04-16 09:29:40Z INFO RSAEncryptedFileKeyManager] Loading RSA key parameters from file C:\Users\Home\Dev-course\nodejs\actions-runner\.credentials_rsaparams
[2025-04-16 09:29:40Z INFO GitHubActionsService] AAD Correlation ID for this token request: Unknown
[2025-04-16 09:29:41Z INFO MessageListener] Session created.
[2025-04-16 09:29:41Z INFO Terminal] WRITE LINE: Current runner version: '2.323.0'
[2025-04-16 09:29:41Z INFO Terminal] WRITE LINE: 2025-04-16 09:29:41Z: Listening for Jobs
[2025-04-16 09:29:41Z INFO JobDispatcher] Set runner/worker IPC timeout to 30 seconds.
[2025-04-16 09:29:41Z INFO RSAEncryptedFileKeyManager] Loading RSA key parameters from file C:\Users\Home\Dev-course\nodejs\actions-runner\.credentials_rsaparams
[2025-04-16 09:29:41Z INFO GitHubActionsService] AAD Correlation ID for this token request: Unknown
[2025-04-16 09:29:43Z INFO MessageListener] Message '7431048494374916251' received from session '266a2dfc-0bcb-499e-9954-faaa1be3e148'.
[2025-04-16 09:29:43Z INFO ConfigurationStore] HasCredentials()
[2025-04-16 09:29:43Z INFO ConfigurationStore] stored True
[2025-04-16 09:29:43Z INFO CredentialManager] GetCredentialProvider
[2025-04-16 09:29:43Z INFO CredentialManager] Creating type OAuth
[2025-04-16 09:29:43Z INFO CredentialManager] Creating credential type: OAuth
[2025-04-16 09:29:43Z INFO RSAEncryptedFileKeyManager] Loading RSA key parameters from file C:\Users\Home\Dev-course\nodejs\actions-runner\.credentials_rsaparams
[2025-04-16 09:29:43Z INFO RSAEncryptedFileKeyManager] Loading RSA key parameters from file C:\Users\Home\Dev-course\nodejs\actions-runner\.credentials_rsaparams
[2025-04-16 09:29:43Z INFO RSAEncryptedFileKeyManager] Loading RSA key parameters from file C:\Users\Home\Dev-course\nodejs\actions-runner\.credentials_rsaparams
[2025-04-16 09:29:43Z INFO GitHubActionsService] AAD Correlation ID for this token request: Unknown
[2025-04-16 09:29:45Z INFO JobDispatcher] Job request 0 for plan fef8f7cc-e88b-4499-a921-82f82c36a4de job 9b3090b7-c9f3-5e34-a9eb-c12d73c31e40 received.
[2025-04-16 09:29:45Z INFO MessageListener] Received job status event. JobState: Busy
[2025-04-16 09:29:45Z INFO MessageListener] _getMessagesTokenSource is already disposed.
[2025-04-16 09:29:45Z INFO Terminal] WRITE LINE: 2025-04-16 09:29:45Z: Running job: build-deploy
[2025-04-16 09:29:45Z INFO JobDispatcher] Start renew job request 0 for job 9b3090b7-c9f3-5e34-a9eb-c12d73c31e40.
[2025-04-16 09:29:45Z INFO JobDispatcher] Successfully renew job 9b3090b7-c9f3-5e34-a9eb-c12d73c31e40, job is valid till 16.04.2025 9:40:06
[2025-04-16 09:29:45Z INFO HostContext] Well known directory 'Bin': 'C:\Users\Home\Dev-course\nodejs\actions-runner\bin'
[2025-04-16 09:29:45Z INFO ProcessInvokerWrapper] Starting process:
[2025-04-16 09:29:45Z INFO ProcessInvokerWrapper]   File name: 'C:\Users\Home\Dev-course\nodejs\actions-runner\bin\Runner.Worker.exe'
[2025-04-16 09:29:45Z INFO ProcessInvokerWrapper]   Arguments: 'spawnclient 2084 2212'
[2025-04-16 09:29:45Z INFO ProcessInvokerWrapper]   Working directory: 'C:\Users\Home\Dev-course\nodejs\actions-runner\bin'
[2025-04-16 09:29:45Z INFO ProcessInvokerWrapper]   Require exit code zero: 'False'
[2025-04-16 09:29:45Z INFO ProcessInvokerWrapper]   Encoding web name:  ; code page: ''
[2025-04-16 09:29:45Z INFO ProcessInvokerWrapper]   Force kill process on cancellation: 'True'
[2025-04-16 09:29:45Z INFO ProcessInvokerWrapper]   Redirected STDIN: 'False'
[2025-04-16 09:29:45Z INFO ProcessInvokerWrapper]   Persist current code page: 'False'
[2025-04-16 09:29:45Z INFO ProcessInvokerWrapper]   Keep redirected STDIN open: 'False'
[2025-04-16 09:29:45Z INFO ProcessInvokerWrapper]   High priority process: 'True'
[2025-04-16 09:29:45Z INFO ProcessInvokerWrapper] Process started with process id 6956, waiting for process exit.
[2025-04-16 09:29:45Z INFO JobDispatcher] Send job request message to worker for job 9b3090b7-c9f3-5e34-a9eb-c12d73c31e40.
[2025-04-16 09:29:45Z INFO ProcessChannel] Sending message of length 22515, with hash '7757ffd7f574a1de97a2270f2850a4bda6d652bd8bf87a3e33557fe00efba2e0'
[2025-04-16 09:29:46Z INFO JobNotification] Entering JobStarted Notification
[2025-04-16 09:29:46Z INFO JobNotification] Entering StartMonitor
[2025-04-16 09:30:36Z INFO ProcessInvokerWrapper] STDOUT/STDERR stream read finished.
[2025-04-16 09:30:36Z INFO ProcessInvokerWrapper] STDOUT/STDERR stream read finished.
[2025-04-16 09:30:36Z INFO ProcessInvokerWrapper] Finished process 6956 with exit code 102, and elapsed time 00:00:50.8546271.
[2025-04-16 09:30:36Z INFO JobDispatcher] Worker finished for job 9b3090b7-c9f3-5e34-a9eb-c12d73c31e40. Code: 102
[2025-04-16 09:30:36Z INFO JobDispatcher] finish job request for job 9b3090b7-c9f3-5e34-a9eb-c12d73c31e40 with result: Failed
[2025-04-16 09:30:36Z INFO Terminal] WRITE LINE: 2025-04-16 09:30:36Z: Job build-deploy completed with result: Failed
[2025-04-16 09:30:36Z INFO JobDispatcher] Stop renew job request for job 9b3090b7-c9f3-5e34-a9eb-c12d73c31e40.
[2025-04-16 09:30:36Z INFO JobDispatcher] job renew has been cancelled, stop renew job 9b3090b7-c9f3-5e34-a9eb-c12d73c31e40.
[2025-04-16 09:30:36Z INFO JobNotification] Entering JobCompleted Notification
[2025-04-16 09:30:36Z INFO JobNotification] Entering EndMonitor
[2025-04-16 09:30:36Z INFO MessageListener] Received job status event. JobState: Online
[2025-04-16 09:33:02Z INFO Terminal] WRITE LINE: Exiting...
[2025-04-16 09:33:02Z INFO ConfigurationStore] IsServiceConfigured()
[2025-04-16 09:33:02Z INFO ConfigurationStore] IsServiceConfigured: False
[2025-04-16 09:33:02Z INFO HostContext] Runner will be shutdown for UserCancelled
[2025-04-16 09:33:02Z WARN GitHubActionsService] GET request to https://broker.actions.githubusercontent.com/message?sessionId=266a2dfc-0bcb-499e-9954-faaa1be3e148&status=Online&runnerVersion=2.323.0&os=Windows&architecture=X64&disableUpdate=false has been cancelled.
[2025-04-16 09:33:02Z ERR  BrokerServer] Catch exception during request
[2025-04-16 09:33:02Z ERR  BrokerServer] System.Threading.Tasks.TaskCanceledException: The operation was canceled.
 ---> System.Threading.Tasks.TaskCanceledException: The operation was canceled.
 ---> System.IO.IOException: Unable to read data from the transport connection: Операция ввода/вывода была прервана из-за завершения потока команд или по запросу приложения..
 ---> System.Net.Sockets.SocketException (995): Операция ввода/вывода была прервана из-за завершения потока команд или по запросу приложения.
   --- End of inner exception stack trace ---
   at System.Net.Sockets.Socket.AwaitableSocketAsyncEventArgs.ThrowException(SocketError error, CancellationToken cancellationToken)
   at System.Net.Sockets.Socket.AwaitableSocketAsyncEventArgs.System.Threading.Tasks.Sources.IValueTaskSource<System.Int32>.GetResult(Int16 token)
   at System.Net.Security.SslStream.EnsureFullTlsFrameAsync[TIOAdapter](CancellationToken cancellationToken, Int32 estimatedSize)
   at System.Runtime.CompilerServices.PoolingAsyncValueTaskMethodBuilder`1.StateMachineBox`1.System.Threading.Tasks.Sources.IValueTaskSource<TResult>.GetResult(Int16 token)
   at System.Net.Security.SslStream.ReadAsyncInternal[TIOAdapter](Memory`1 buffer, CancellationToken cancellationToken)
   at System.Runtime.CompilerServices.PoolingAsyncValueTaskMethodBuilder`1.StateMachineBox`1.System.Threading.Tasks.Sources.IValueTaskSource<TResult>.GetResult(Int16 token)
   at System.Net.Http.HttpConnection.SendAsync(HttpRequestMessage request, Boolean async, CancellationToken cancellationToken)
   --- End of inner exception stack trace ---
   at System.Net.Http.HttpConnection.SendAsync(HttpRequestMessage request, Boolean async, CancellationToken cancellationToken)
   at System.Net.Http.AuthenticationHelper.SendWithNtAuthAsync(HttpRequestMessage request, Uri authUri, Boolean async, ICredentials credentials, Boolean isProxyAuth, HttpConnection connection, HttpConnectionPool connectionPool, CancellationToken cancellationToken)
   at System.Net.Http.HttpConnectionPool.SendWithVersionDetectionAndRetryAsync(HttpRequestMessage request, Boolean async, Boolean doRequestAuth, CancellationToken cancellationToken)
   at System.Net.Http.AuthenticationHelper.SendWithAuthAsync(HttpRequestMessage request, Uri authUri, Boolean async, ICredentials credentials, Boolean preAuthenticate, Boolean isProxyAuth, Boolean doRequestAuth, HttpConnectionPool pool, CancellationToken cancellationToken)
   at System.Net.Http.RedirectHandler.SendAsync(HttpRequestMessage request, Boolean async, CancellationToken cancellationToken)
   at GitHub.Services.Common.RawHttpMessageHandler.SendAsync(HttpRequestMessage request, CancellationToken cancellationToken)
   at GitHub.Services.Common.VssHttpRetryMessageHandler.SendAsync(HttpRequestMessage request, CancellationToken cancellationToken)
   at System.Net.Http.HttpClient.<SendAsync>g__Core|83_0(HttpRequestMessage request, HttpCompletionOption completionOption, CancellationTokenSource cts, Boolean disposeCts, CancellationTokenSource pendingRequestsCts, CancellationToken originalCancellationToken)
   --- End of inner exception stack trace ---
   at System.Net.Http.HttpClient.HandleFailure(Exception e, Boolean telemetryStarted, HttpResponseMessage response, CancellationTokenSource cts, CancellationToken cancellationToken, CancellationTokenSource pendingRequestsCts)
   at System.Net.Http.HttpClient.<SendAsync>g__Core|83_0(HttpRequestMessage request, HttpCompletionOption completionOption, CancellationTokenSource cts, Boolean disposeCts, CancellationTokenSource pendingRequestsCts, CancellationToken originalCancellationToken)
   at Sdk.WebApi.WebApi.RawHttpClientBase.SendAsync(HttpRequestMessage message, HttpCompletionOption completionOption, Object userState, CancellationToken cancellationToken)
   at Sdk.WebApi.WebApi.RawHttpClientBase.SendAsync[T](HttpRequestMessage message, Boolean readErrorBody, Object userState, CancellationToken cancellationToken)
   at Sdk.WebApi.WebApi.RawHttpClientBase.SendAsync[T](HttpMethod method, IEnumerable`1 additionalHeaders, Uri requestUri, HttpContent content, IEnumerable`1 queryParameters, Boolean readErrorBody, Object userState, CancellationToken cancellationToken)
   at GitHub.Actions.RunService.WebApi.BrokerHttpClient.GetRunnerMessageAsync(Nullable`1 sessionId, String runnerVersion, Nullable`1 status, String os, String architecture, Nullable`1 disableUpdate, CancellationToken cancellationToken)
   at GitHub.Runner.Common.BrokerServer.<>c__DisplayClass7_0.<<GetRunnerMessageAsync>b__0>d.MoveNext()
--- End of stack trace from previous location ---
   at GitHub.Runner.Common.RunnerService.RetryRequest[T](Func`1 func, CancellationToken cancellationToken, Int32 maxRetryAttemptsCount, Func`2 shouldRetry)
[2025-04-16 09:33:02Z ERR  BrokerServer] #####################################################
[2025-04-16 09:33:02Z ERR  BrokerServer] System.Threading.Tasks.TaskCanceledException: The operation was canceled.
 ---> System.IO.IOException: Unable to read data from the transport connection: Операция ввода/вывода была прервана из-за завершения потока команд или по запросу приложения..
 ---> System.Net.Sockets.SocketException (995): Операция ввода/вывода была прервана из-за завершения потока команд или по запросу приложения.
   --- End of inner exception stack trace ---
   at System.Net.Sockets.Socket.AwaitableSocketAsyncEventArgs.ThrowException(SocketError error, CancellationToken cancellationToken)
   at System.Net.Sockets.Socket.AwaitableSocketAsyncEventArgs.System.Threading.Tasks.Sources.IValueTaskSource<System.Int32>.GetResult(Int16 token)
   at System.Net.Security.SslStream.EnsureFullTlsFrameAsync[TIOAdapter](CancellationToken cancellationToken, Int32 estimatedSize)
   at System.Runtime.CompilerServices.PoolingAsyncValueTaskMethodBuilder`1.StateMachineBox`1.System.Threading.Tasks.Sources.IValueTaskSource<TResult>.GetResult(Int16 token)
   at System.Net.Security.SslStream.ReadAsyncInternal[TIOAdapter](Memory`1 buffer, CancellationToken cancellationToken)
   at System.Runtime.CompilerServices.PoolingAsyncValueTaskMethodBuilder`1.StateMachineBox`1.System.Threading.Tasks.Sources.IValueTaskSource<TResult>.GetResult(Int16 token)
   at System.Net.Http.HttpConnection.SendAsync(HttpRequestMessage request, Boolean async, CancellationToken cancellationToken)
   --- End of inner exception stack trace ---
   at System.Net.Http.HttpConnection.SendAsync(HttpRequestMessage request, Boolean async, CancellationToken cancellationToken)
   at System.Net.Http.AuthenticationHelper.SendWithNtAuthAsync(HttpRequestMessage request, Uri authUri, Boolean async, ICredentials credentials, Boolean isProxyAuth, HttpConnection connection, HttpConnectionPool connectionPool, CancellationToken cancellationToken)
   at System.Net.Http.HttpConnectionPool.SendWithVersionDetectionAndRetryAsync(HttpRequestMessage request, Boolean async, Boolean doRequestAuth, CancellationToken cancellationToken)
   at System.Net.Http.AuthenticationHelper.SendWithAuthAsync(HttpRequestMessage request, Uri authUri, Boolean async, ICredentials credentials, Boolean preAuthenticate, Boolean isProxyAuth, Boolean doRequestAuth, HttpConnectionPool pool, CancellationToken cancellationToken)
   at System.Net.Http.RedirectHandler.SendAsync(HttpRequestMessage request, Boolean async, CancellationToken cancellationToken)
   at GitHub.Services.Common.RawHttpMessageHandler.SendAsync(HttpRequestMessage request, CancellationToken cancellationToken)
   at GitHub.Services.Common.VssHttpRetryMessageHandler.SendAsync(HttpRequestMessage request, CancellationToken cancellationToken)
   at System.Net.Http.HttpClient.<SendAsync>g__Core|83_0(HttpRequestMessage request, HttpCompletionOption completionOption, CancellationTokenSource cts, Boolean disposeCts, CancellationTokenSource pendingRequestsCts, CancellationToken originalCancellationToken)
[2025-04-16 09:33:02Z ERR  BrokerServer] #####################################################
[2025-04-16 09:33:02Z ERR  BrokerServer] System.IO.IOException: Unable to read data from the transport connection: Операция ввода/вывода была прервана из-за завершения потока команд или по запросу приложения..
 ---> System.Net.Sockets.SocketException (995): Операция ввода/вывода была прервана из-за завершения потока команд или по запросу приложения.
   --- End of inner exception stack trace ---
   at System.Net.Sockets.Socket.AwaitableSocketAsyncEventArgs.ThrowException(SocketError error, CancellationToken cancellationToken)
   at System.Net.Sockets.Socket.AwaitableSocketAsyncEventArgs.System.Threading.Tasks.Sources.IValueTaskSource<System.Int32>.GetResult(Int16 token)
   at System.Net.Security.SslStream.EnsureFullTlsFrameAsync[TIOAdapter](CancellationToken cancellationToken, Int32 estimatedSize)
   at System.Runtime.CompilerServices.PoolingAsyncValueTaskMethodBuilder`1.StateMachineBox`1.System.Threading.Tasks.Sources.IValueTaskSource<TResult>.GetResult(Int16 token)
   at System.Net.Security.SslStream.ReadAsyncInternal[TIOAdapter](Memory`1 buffer, CancellationToken cancellationToken)
   at System.Runtime.CompilerServices.PoolingAsyncValueTaskMethodBuilder`1.StateMachineBox`1.System.Threading.Tasks.Sources.IValueTaskSource<TResult>.GetResult(Int16 token)
   at System.Net.Http.HttpConnection.SendAsync(HttpRequestMessage request, Boolean async, CancellationToken cancellationToken)
[2025-04-16 09:33:02Z ERR  BrokerServer] #####################################################
[2025-04-16 09:33:02Z ERR  BrokerServer] System.Net.Sockets.SocketException (995): Операция ввода/вывода была прервана из-за завершения потока команд или по запросу приложения.
[2025-04-16 09:33:02Z WARN BrokerServer] Back off 13,41 seconds before next retry. 4 attempt left.
[2025-04-16 09:33:02Z INFO MessageListener] Get next message has been cancelled.
[2025-04-16 09:33:02Z INFO JobDispatcher] Shutting down JobDispatcher. Make sure all WorkerDispatcher has finished.
[2025-04-16 09:33:02Z INFO JobDispatcher] Ensure WorkerDispatcher for job 9b3090b7-c9f3-5e34-a9eb-c12d73c31e40 run to finish, cancel any running job.
[2025-04-16 09:33:02Z INFO JobDispatcher] Job request 9b3090b7-c9f3-5e34-a9eb-c12d73c31e40 processed succeed.
[2025-04-16 09:33:02Z INFO Runner] Deleting Runner Session...
[2025-04-16 09:33:03Z INFO Listener] Runner execution been cancelled.
